This is pdfTeX, Version 3.1415926-2.4-1.40.13 (TeX Live 2012) (format=pdflatex 2012.6.30)  22 JAN 2015 11:28
entering extended mode
 restricted \write18 enabled.
 %&-line parsing enabled.
**allfigs.tex
(./allfigs.tex
LaTeX2e <2011/06/27>
Babel <v3.8m> and hyphenation patterns for english, dumylang, nohyphenation, ge
rman-x-2012-05-30, ngerman-x-2012-05-30, afrikaans, ancientgreek, ibycus, arabi
c, armenian, basque, bulgarian, catalan, pinyin, coptic, croatian, czech, danis
h, dutch, ukenglish, usenglishmax, esperanto, estonian, ethiopic, farsi, finnis
h, french, friulan, galician, german, ngerman, swissgerman, monogreek, greek, h
ungarian, icelandic, assamese, bengali, gujarati, hindi, kannada, malayalam, ma
rathi, oriya, panjabi, tamil, telugu, indonesian, interlingua, irish, italian, 
kurmanji, latin, latvian, lithuanian, mongolian, mongolianlmc, bokmal, nynorsk,
 polish, portuguese, romanian, romansh, russian, sanskrit, serbian, serbianc, s
lovak, slovenian, spanish, swedish, turkish, turkmen, ukrainian, uppersorbian, 
welsh, loaded.
(/usr/local/texlive/2012/texmf-dist/tex/latex/base/article.cls
Document Class: article 2007/10/19 v1.4h Standard LaTeX document class
(/usr/local/texlive/2012/texmf-dist/tex/latex/base/size10.clo
File: size10.clo 2007/10/19 v1.4h Standard LaTeX file (size option)
)
\c@part=\count79
\c@section=\count80
\c@subsection=\count81
\c@subsubsection=\count82
\c@paragraph=\count83
\c@subparagraph=\count84
\c@figure=\count85
\c@table=\count86
\abovecaptionskip=\skip41
\belowcaptionskip=\skip42
\bibindent=\dimen102
)
(/usr/local/texlive/2012/texmf-dist/tex/latex/geometry/geometry.sty
Package: geometry 2010/09/12 v5.6 Page Geometry

(/usr/local/texlive/2012/texmf-dist/tex/latex/graphics/keyval.sty
Package: keyval 1999/03/16 v1.13 key=value parser (DPC)
\KV@toks@=\toks14
)
(/usr/local/texlive/2012/texmf-dist/tex/generic/oberdiek/ifpdf.sty
Package: ifpdf 2011/01/30 v2.3 Provides the ifpdf switch (HO)
Package ifpdf Info: pdfTeX in PDF mode is detected.
)
(/usr/local/texlive/2012/texmf-dist/tex/generic/oberdiek/ifvtex.sty
Package: ifvtex 2010/03/01 v1.5 Detect VTeX and its facilities (HO)
Package ifvtex Info: VTeX not detected.
)
(/usr/local/texlive/2012/texmf-dist/tex/generic/ifxetex/ifxetex.sty
Package: ifxetex 2010/09/12 v0.6 Provides ifxetex conditional
)
\Gm@cnth=\count87
\Gm@cntv=\count88
\c@Gm@tempcnt=\count89
\Gm@bindingoffset=\dimen103
\Gm@wd@mp=\dimen104
\Gm@odd@mp=\dimen105
\Gm@even@mp=\dimen106
\Gm@layoutwidth=\dimen107
\Gm@layoutheight=\dimen108
\Gm@layouthoffset=\dimen109
\Gm@layoutvoffset=\dimen110
\Gm@dimlist=\toks15
)
(/usr/local/texlive/2012/texmf-dist/tex/latex/graphics/graphicx.sty
Package: graphicx 1999/02/16 v1.0f Enhanced LaTeX Graphics (DPC,SPQR)

(/usr/local/texlive/2012/texmf-dist/tex/latex/graphics/graphics.sty
Package: graphics 2009/02/05 v1.0o Standard LaTeX Graphics (DPC,SPQR)

(/usr/local/texlive/2012/texmf-dist/tex/latex/graphics/trig.sty
Package: trig 1999/03/16 v1.09 sin cos tan (DPC)
)
(/usr/local/texlive/2012/texmf-dist/tex/latex/latexconfig/graphics.cfg
File: graphics.cfg 2010/04/23 v1.9 graphics configuration of TeX Live
)
Package graphics Info: Driver file: pdftex.def on input line 91.

(/usr/local/texlive/2012/texmf-dist/tex/latex/pdftex-def/pdftex.def
File: pdftex.def 2011/05/27 v0.06d Graphics/color for pdfTeX

(/usr/local/texlive/2012/texmf-dist/tex/generic/oberdiek/infwarerr.sty
Package: infwarerr 2010/04/08 v1.3 Providing info/warning/error messages (HO)
)
(/usr/local/texlive/2012/texmf-dist/tex/generic/oberdiek/ltxcmds.sty
Package: ltxcmds 2011/11/09 v1.22 LaTeX kernel commands for general use (HO)
)
\Gread@gobject=\count90
))
\Gin@req@height=\dimen111
\Gin@req@width=\dimen112
)
No file allfigs.aux.
\openout1 = `allfigs.aux'.

LaTeX Font Info:    Checking defaults for OML/cmm/m/it on input line 6.
LaTeX Font Info:    ... okay on input line 6.
LaTeX Font Info:    Checking defaults for T1/cmr/m/n on input line 6.
LaTeX Font Info:    ... okay on input line 6.
LaTeX Font Info:    Checking defaults for OT1/cmr/m/n on input line 6.
LaTeX Font Info:    ... okay on input line 6.
LaTeX Font Info:    Checking defaults for OMS/cmsy/m/n on input line 6.
LaTeX Font Info:    ... okay on input line 6.
LaTeX Font Info:    Checking defaults for OMX/cmex/m/n on input line 6.
LaTeX Font Info:    ... okay on input line 6.
LaTeX Font Info:    Checking defaults for U/cmr/m/n on input line 6.
LaTeX Font Info:    ... okay on input line 6.
*geometry* driver: auto-detecting
*geometry* detected driver: pdftex
*geometry* verbose mode - [ preamble ] result:
* driver: pdftex
* paper: a4paper
* layout: <same size as paper>
* layoutoffset:(h,v)=(0.0pt,0.0pt)
* modes: 
* h-part:(L,W,R)=(56.9055pt, 483.69687pt, 56.9055pt)
* v-part:(T,H,B)=(56.9055pt, 731.23584pt, 56.9055pt)
* \paperwidth=597.50787pt
* \paperheight=845.04684pt
* \textwidth=483.69687pt
* \textheight=731.23584pt
* \oddsidemargin=-15.36449pt
* \evensidemargin=-15.36449pt
* \topmargin=-52.36449pt
* \headheight=12.0pt
* \headsep=25.0pt
* \topskip=10.0pt
* \footskip=30.0pt
* \marginparwidth=65.0pt
* \marginparsep=11.0pt
* \columnsep=10.0pt
* \skip\footins=9.0pt plus 4.0pt minus 2.0pt
* \hoffset=0.0pt
* \voffset=0.0pt
* \mag=1000
* \@twocolumnfalse
* \@twosidefalse
* \@mparswitchfalse
* \@reversemarginfalse
* (1in=72.27pt=25.4mm, 1cm=28.453pt)

(/usr/local/texlive/2012/texmf-dist/tex/context/base/supp-pdf.mkii
[Loading MPS to PDF converter (version 2006.09.02).]
\scratchcounter=\count91
\scratchdimen=\dimen113
\scratchbox=\box26
\nofMPsegments=\count92
\nofMParguments=\count93
\everyMPshowfont=\toks16
\MPscratchCnt=\count94
\MPscratchDim=\dimen114
\MPnumerator=\count95
\makeMPintoPDFobject=\count96
\everyMPtoPDFconversion=\toks17
) (/usr/local/texlive/2012/texmf-dist/tex/generic/oberdiek/pdftexcmds.sty
Package: pdftexcmds 2011/11/29 v0.20 Utility functions of pdfTeX for LuaTeX (HO
)

(/usr/local/texlive/2012/texmf-dist/tex/generic/oberdiek/ifluatex.sty
Package: ifluatex 2010/03/01 v1.3 Provides the ifluatex switch (HO)
Package ifluatex Info: LuaTeX not detected.
)
Package pdftexcmds Info: LuaTeX not detected.
Package pdftexcmds Info: \pdf@primitive is available.
Package pdftexcmds Info: \pdf@ifprimitive is available.
Package pdftexcmds Info: \pdfdraftmode found.
)
(/usr/local/texlive/2012/texmf-dist/tex/latex/oberdiek/epstopdf-base.sty
Package: epstopdf-base 2010/02/09 v2.5 Base part for package epstopdf

(/usr/local/texlive/2012/texmf-dist/tex/latex/oberdiek/grfext.sty
Package: grfext 2010/08/19 v1.1 Manage graphics extensions (HO)

(/usr/local/texlive/2012/texmf-dist/tex/generic/oberdiek/kvdefinekeys.sty
Package: kvdefinekeys 2011/04/07 v1.3 Define keys (HO)
))
(/usr/local/texlive/2012/texmf-dist/tex/latex/oberdiek/kvoptions.sty
Package: kvoptions 2011/06/30 v3.11 Key value format for package options (HO)

(/usr/local/texlive/2012/texmf-dist/tex/generic/oberdiek/kvsetkeys.sty
Package: kvsetkeys 2012/04/25 v1.16 Key value parser (HO)

(/usr/local/texlive/2012/texmf-dist/tex/generic/oberdiek/etexcmds.sty
Package: etexcmds 2011/02/16 v1.5 Avoid name clashes with e-TeX commands (HO)
Package etexcmds Info: Could not find \expanded.
(etexcmds)             That can mean that you are not using pdfTeX 1.50 or
(etexcmds)             that some package has redefined \expanded.
(etexcmds)             In the latter case, load this package earlier.
)))
Package grfext Info: Graphics extension search list:
(grfext)             [.png,.pdf,.jpg,.mps,.jpeg,.jbig2,.jb2,.PNG,.PDF,.JPG,.JPE
G,.JBIG2,.JB2,.eps]
(grfext)             \AppendGraphicsExtensions on input line 452.

(/usr/local/texlive/2012/texmf-dist/tex/latex/latexconfig/epstopdf-sys.cfg
File: epstopdf-sys.cfg 2010/07/13 v1.3 Configuration of (r)epstopdf for TeX Liv
e
))
Package epstopdf Info: Source file: <Figures/Figure1/ExampleMorphologies.eps>
(epstopdf)                    date: 2015-01-19 11:21:32
(epstopdf)                    size: 1489438 bytes
(epstopdf)             Output file: <Figures/Figure1/ExampleMorphologies-eps-co
nverted-to.pdf>
(epstopdf)             Command: <repstopdf --outfile=Figures/Figure1/ExampleMor
phologies-eps-converted-to.pdf Figures/Figure1/ExampleMorphologies.eps>
(epstopdf)             \includegraphics on input line 11.
runsystem(repstopdf --outfile=Figures/Figure1/ExampleMorphologies-eps-converted
-to.pdf Figures/Figure1/ExampleMorphologies.eps)...executed safely (allowed).

Package epstopdf Info: Result file: <Figures/Figure1/ExampleMorphologies-eps-co
nverted-to.pdf>
(epstopdf)                    date: 2015-01-22 11:28:08
(epstopdf)                    size: 364571 bytes.

<Figures/Figure1/ExampleMorphologies-eps-converted-to.pdf, id=1, 454.69875pt x 
317.185pt>
File: Figures/Figure1/ExampleMorphologies-eps-converted-to.pdf Graphic file (ty
pe pdf)
 <use Figures/Figure1/ExampleMorphologies-eps-converted-to.pdf>
Package pdftex.def Info: Figures/Figure1/ExampleMorphologies-eps-converted-to.p
df used on input line 11.
(pdftex.def)             Requested size: 454.69763pt x 317.1842pt.

[1{/usr/local/texlive/2012/texmf-var/fonts/map/pdftex/updmap/pdftex.map} <./Fig
ures/Figure1/ExampleMorphologies-eps-converted-to.pdf>]
<Figures/Figure2/Feature-Illustration.pdf, id=17, 422.07687pt x 311.1625pt>
File: Figures/Figure2/Feature-Illustration.pdf Graphic file (type pdf)

<use Figures/Figure2/Feature-Illustration.pdf>
Package pdftex.def Info: Figures/Figure2/Feature-Illustration.pdf used on input
 line 18.
(pdftex.def)             Requested size: 422.07584pt x 311.16174pt.
Package epstopdf Info: Source file: <Figures/Figure3/cartoon-cluster-separation
-summary.eps>
(epstopdf)                    date: 2015-01-20 14:25:28
(epstopdf)                    size: 18303 bytes
(epstopdf)             Output file: <Figures/Figure3/cartoon-cluster-separation
-summary-eps-converted-to.pdf>
(epstopdf)             Command: <repstopdf --outfile=Figures/Figure3/cartoon-cl
uster-separation-summary-eps-converted-to.pdf Figures/Figure3/cartoon-cluster-s
eparation-summary.eps>
(epstopdf)             \includegraphics on input line 24.
runsystem(repstopdf --outfile=Figures/Figure3/cartoon-cluster-separation-summar
y-eps-converted-to.pdf Figures/Figure3/cartoon-cluster-separation-summary.eps).
..executed safely (allowed).

Package epstopdf Info: Result file: <Figures/Figure3/cartoon-cluster-separation
-summary-eps-converted-to.pdf>
(epstopdf)                    date: 2015-01-22 11:28:09
(epstopdf)                    size: 16989 bytes.

<Figures/Figure3/cartoon-cluster-separation-summary-eps-converted-to.pdf, id=18
, 155.58125pt x 565.11125pt>
File: Figures/Figure3/cartoon-cluster-separation-summary-eps-converted-to.pdf G
raphic file (type pdf)

<use Figures/Figure3/cartoon-cluster-separation-summary-eps-converted-to.pdf>
Package pdftex.def Info: Figures/Figure3/cartoon-cluster-separation-summary-eps
-converted-to.pdf used on input line 24.
(pdftex.def)             Requested size: 155.58086pt x 565.10986pt.

<Figures/Figure4/Classification-RGC-traces.pdf, id=19, 189.20688pt x 472.93588p
t>
File: Figures/Figure4/Classification-RGC-traces.pdf Graphic file (type pdf)
 <use Figures/Figure4/Classification-RGC-traces.pdf>
Package pdftex.def Info: Figures/Figure4/Classification-RGC-traces.pdf used on 
input line 30.
(pdftex.def)             Requested size: 189.2064pt x 472.93472pt.

<Figures/Figure5/Figure5-feature-space-and-confidence.pdf, id=20, 250.38544pt x
 674.52pt>
File: Figures/Figure5/Figure5-feature-space-and-confidence.pdf Graphic file (ty
pe pdf)
 <use Figures/Figure5/Figure5-feature-space-and-confidence.pdf>
Package pdftex.def Info: Figures/Figure5/Figure5-feature-space-and-confidence.p
df used on input line 37.
(pdftex.def)             Requested size: 250.38481pt x 674.51836pt.

<Figures/Figure6/Hoxd10-split-figure.pdf, id=21, 324.5676pt x 290.75325pt>
File: Figures/Figure6/Hoxd10-split-figure.pdf Graphic file (type pdf)

<use Figures/Figure6/Hoxd10-split-figure.pdf>
Package pdftex.def Info: Figures/Figure6/Hoxd10-split-figure.pdf used on input 
line 44.
(pdftex.def)             Requested size: 324.56679pt x 290.75253pt.
 [2 <./Figures/Figure2/Feature-Illustration.pdf>] [3 <./Figures/Figure3/cartoon
-cluster-separation-summary-eps-converted-to.pdf>] [4 <./Figures/Figure4/Classi
fication-RGC-traces.pdf>] [5 <./Figures/Figure5/Figure5-feature-space-and-confi
dence.pdf>] [6 <./Figures/Figure6/Hoxd10-split-figure.pdf>] (./allfigs.aux) ) 
Here is how much of TeX's memory you used:
 1969 strings out of 493488
 29705 string characters out of 3141326
 87514 words of memory out of 3000000
 5277 multiletter control sequences out of 15000+200000
 3640 words of font info for 14 fonts, out of 3000000 for 9000
 957 hyphenation exceptions out of 8191
 37i,6n,32p,233b,209s stack positions out of 5000i,500n,10000p,200000b,50000s
</
usr/local/texlive/2012/texmf-dist/fonts/type1/public/amsfonts/cm/cmr10.pfb>
Output written on allfigs.pdf (6 pages, 3315239 bytes).
PDF statistics:
 232 PDF objects out of 1000 (max. 8388607)
 100 compressed objects within 1 object stream
 0 named destinations out of 1000 (max. 500000)
 31 words of extra memory for PDF output out of 10000 (max. 10000000)

